CRITICAL - 2025-10-14 01:19:14 --> CodeIgniter\HTTP\Exceptions\BadRequestException: The URI you submitted has disallowed characters: "{{ asset('sbadmin2"
[Method: GET, Route: %7B%7B%20asset%28%27sbadmin2/vendor/fontawesome-free/css/all.min.css%27%29%20%7D%7D]
in SYSTEMPATH\Router\Router.php on line 741.
 1 SYSTEMPATH\Router\Router.php(207): CodeIgniter\Router\Router->checkDisallowedChars('{{ asset(\'sbadmin2/vendor/fontawesome-free/css/all.min.css\') }}')
 2 SYSTEMPATH\CodeIgniter.php(832): CodeIgniter\Router\Router->handle('{{ asset(\'sbadmin2/vendor/fontawesome-free/css/all.min.css\') }}')
 3 SYSTEMPATH\CodeIgniter.php(455): CodeIgniter\CodeIgniter->tryToRouteIt(Object(CodeIgniter\Router\RouteCollection))
 4 SYSTEMPATH\CodeIgniter.php(354): CodeIgniter\CodeIgniter->handleRequest(null, Object(Config\Cache), false)
 5 SYSTEMPATH\Boot.php(363): CodeIgniter\CodeIgniter->run()
 6 SYSTEMPATH\Boot.php(68): CodeIgniter\Boot::runCodeIgniter(Object(CodeIgniter\CodeIgniter))
 7 FCPATH\index.php(59): CodeIgniter\Boot::bootWeb(Object(Config\Paths))
 8 SYSTEMPATH\rewrite.php(44): require_once('C:\\Users\\LENOVO\\Desktop\\xampp\\htdocs\\e-surat\\public\\index.php')
CRITICAL - 2025-10-14 01:19:14 --> CodeIgniter\HTTP\Exceptions\BadRequestException: The URI you submitted has disallowed characters: "{{ asset('sbadmin2"
[Method: GET, Route: %7B%7B%20asset%28%27sbadmin2/css/sb-admin-2.min.css%27%29%7D%7D]
in SYSTEMPATH\Router\Router.php on line 741.
 1 SYSTEMPATH\Router\Router.php(207): CodeIgniter\Router\Router->checkDisallowedChars('{{ asset(\'sbadmin2/css/sb-admin-2.min.css\')}}')
 2 SYSTEMPATH\CodeIgniter.php(832): CodeIgniter\Router\Router->handle('{{ asset(\'sbadmin2/css/sb-admin-2.min.css\')}}')
 3 SYSTEMPATH\CodeIgniter.php(455): CodeIgniter\CodeIgniter->tryToRouteIt(Object(CodeIgniter\Router\RouteCollection))
 4 SYSTEMPATH\CodeIgniter.php(354): CodeIgniter\CodeIgniter->handleRequest(null, Object(Config\Cache), false)
 5 SYSTEMPATH\Boot.php(363): CodeIgniter\CodeIgniter->run()
 6 SYSTEMPATH\Boot.php(68): CodeIgniter\Boot::runCodeIgniter(Object(CodeIgniter\CodeIgniter))
 7 FCPATH\index.php(59): CodeIgniter\Boot::bootWeb(Object(Config\Paths))
 8 SYSTEMPATH\rewrite.php(44): require_once('C:\\Users\\LENOVO\\Desktop\\xampp\\htdocs\\e-surat\\public\\index.php')
CRITICAL - 2025-10-14 01:19:15 --> CodeIgniter\HTTP\Exceptions\BadRequestException: The URI you submitted has disallowed characters: "{{ asset('sbadmin2"
[Method: GET, Route: %7B%7B%20asset%28%27sbadmin2/vendor/jquery/jquery.min.js%27%29%7D%7D]
in SYSTEMPATH\Router\Router.php on line 741.
 1 SYSTEMPATH\Router\Router.php(207): CodeIgniter\Router\Router->checkDisallowedChars('{{ asset(\'sbadmin2/vendor/jquery/jquery.min.js\')}}')
 2 SYSTEMPATH\CodeIgniter.php(832): CodeIgniter\Router\Router->handle('{{ asset(\'sbadmin2/vendor/jquery/jquery.min.js\')}}')
 3 SYSTEMPATH\CodeIgniter.php(455): CodeIgniter\CodeIgniter->tryToRouteIt(Object(CodeIgniter\Router\RouteCollection))
 4 SYSTEMPATH\CodeIgniter.php(354): CodeIgniter\CodeIgniter->handleRequest(null, Object(Config\Cache), false)
 5 SYSTEMPATH\Boot.php(363): CodeIgniter\CodeIgniter->run()
 6 SYSTEMPATH\Boot.php(68): CodeIgniter\Boot::runCodeIgniter(Object(CodeIgniter\CodeIgniter))
 7 FCPATH\index.php(59): CodeIgniter\Boot::bootWeb(Object(Config\Paths))
 8 SYSTEMPATH\rewrite.php(44): require_once('C:\\Users\\LENOVO\\Desktop\\xampp\\htdocs\\e-surat\\public\\index.php')
CRITICAL - 2025-10-14 01:19:15 --> CodeIgniter\HTTP\Exceptions\BadRequestException: The URI you submitted has disallowed characters: "{{ asset('sbadmin2"
[Method: GET, Route: %7B%7B%20asset%28%27sbadmin2/vendor/bootstrap/js/bootstrap.bundle.min.js%27%29%7D%7D]
in SYSTEMPATH\Router\Router.php on line 741.
 1 SYSTEMPATH\Router\Router.php(207): CodeIgniter\Router\Router->checkDisallowedChars('{{ asset(\'sbadmin2/vendor/bootstrap/js/bootstrap.bundle.min.js\')}}')
 2 SYSTEMPATH\CodeIgniter.php(832): CodeIgniter\Router\Router->handle('{{ asset(\'sbadmin2/vendor/bootstrap/js/bootstrap.bundle.min.js\')}}')
 3 SYSTEMPATH\CodeIgniter.php(455): CodeIgniter\CodeIgniter->tryToRouteIt(Object(CodeIgniter\Router\RouteCollection))
 4 SYSTEMPATH\CodeIgniter.php(354): CodeIgniter\CodeIgniter->handleRequest(null, Object(Config\Cache), false)
 5 SYSTEMPATH\Boot.php(363): CodeIgniter\CodeIgniter->run()
 6 SYSTEMPATH\Boot.php(68): CodeIgniter\Boot::runCodeIgniter(Object(CodeIgniter\CodeIgniter))
 7 FCPATH\index.php(59): CodeIgniter\Boot::bootWeb(Object(Config\Paths))
 8 SYSTEMPATH\rewrite.php(44): require_once('C:\\Users\\LENOVO\\Desktop\\xampp\\htdocs\\e-surat\\public\\index.php')
CRITICAL - 2025-10-14 01:19:15 --> CodeIgniter\HTTP\Exceptions\BadRequestException: The URI you submitted has disallowed characters: "{{ asset('sbadmin2"
[Method: GET, Route: %7B%7B%20asset%28%27sbadmin2/vendor/jquery-easing/jquery.easing.min.js%27%29%7D%7D]
in SYSTEMPATH\Router\Router.php on line 741.
 1 SYSTEMPATH\Router\Router.php(207): CodeIgniter\Router\Router->checkDisallowedChars('{{ asset(\'sbadmin2/vendor/jquery-easing/jquery.easing.min.js\')}}')
 2 SYSTEMPATH\CodeIgniter.php(832): CodeIgniter\Router\Router->handle('{{ asset(\'sbadmin2/vendor/jquery-easing/jquery.easing.min.js\')}}')
 3 SYSTEMPATH\CodeIgniter.php(455): CodeIgniter\CodeIgniter->tryToRouteIt(Object(CodeIgniter\Router\RouteCollection))
 4 SYSTEMPATH\CodeIgniter.php(354): CodeIgniter\CodeIgniter->handleRequest(null, Object(Config\Cache), false)
 5 SYSTEMPATH\Boot.php(363): CodeIgniter\CodeIgniter->run()
 6 SYSTEMPATH\Boot.php(68): CodeIgniter\Boot::runCodeIgniter(Object(CodeIgniter\CodeIgniter))
 7 FCPATH\index.php(59): CodeIgniter\Boot::bootWeb(Object(Config\Paths))
 8 SYSTEMPATH\rewrite.php(44): require_once('C:\\Users\\LENOVO\\Desktop\\xampp\\htdocs\\e-surat\\public\\index.php')
CRITICAL - 2025-10-14 01:19:15 --> CodeIgniter\HTTP\Exceptions\BadRequestException: The URI you submitted has disallowed characters: "{{ asset('sbadmin2"
[Method: GET, Route: %7B%7B%20asset%28%27sbadmin2/js/sb-admin-2.min.js%27%29%7D%7D]
in SYSTEMPATH\Router\Router.php on line 741.
 1 SYSTEMPATH\Router\Router.php(207): CodeIgniter\Router\Router->checkDisallowedChars('{{ asset(\'sbadmin2/js/sb-admin-2.min.js\')}}')
 2 SYSTEMPATH\CodeIgniter.php(832): CodeIgniter\Router\Router->handle('{{ asset(\'sbadmin2/js/sb-admin-2.min.js\')}}')
 3 SYSTEMPATH\CodeIgniter.php(455): CodeIgniter\CodeIgniter->tryToRouteIt(Object(CodeIgniter\Router\RouteCollection))
 4 SYSTEMPATH\CodeIgniter.php(354): CodeIgniter\CodeIgniter->handleRequest(null, Object(Config\Cache), false)
 5 SYSTEMPATH\Boot.php(363): CodeIgniter\CodeIgniter->run()
 6 SYSTEMPATH\Boot.php(68): CodeIgniter\Boot::runCodeIgniter(Object(CodeIgniter\CodeIgniter))
 7 FCPATH\index.php(59): CodeIgniter\Boot::bootWeb(Object(Config\Paths))
 8 SYSTEMPATH\rewrite.php(44): require_once('C:\\Users\\LENOVO\\Desktop\\xampp\\htdocs\\e-surat\\public\\index.php')
CRITICAL - 2025-10-14 01:19:17 --> CodeIgniter\HTTP\Exceptions\BadRequestException: The URI you submitted has disallowed characters: "{{ asset('sbadmin2"
[Method: GET, Route: %7B%7B%20asset%28%27sbadmin2/vendor/fontawesome-free/css/all.min.css%27%29%20%7D%7D]
in SYSTEMPATH\Router\Router.php on line 741.
 1 SYSTEMPATH\Router\Router.php(207): CodeIgniter\Router\Router->checkDisallowedChars('{{ asset(\'sbadmin2/vendor/fontawesome-free/css/all.min.css\') }}')
 2 SYSTEMPATH\CodeIgniter.php(832): CodeIgniter\Router\Router->handle('{{ asset(\'sbadmin2/vendor/fontawesome-free/css/all.min.css\') }}')
 3 SYSTEMPATH\CodeIgniter.php(455): CodeIgniter\CodeIgniter->tryToRouteIt(Object(CodeIgniter\Router\RouteCollection))
 4 SYSTEMPATH\CodeIgniter.php(354): CodeIgniter\CodeIgniter->handleRequest(null, Object(Config\Cache), false)
 5 SYSTEMPATH\Boot.php(363): CodeIgniter\CodeIgniter->run()
 6 SYSTEMPATH\Boot.php(68): CodeIgniter\Boot::runCodeIgniter(Object(CodeIgniter\CodeIgniter))
 7 FCPATH\index.php(59): CodeIgniter\Boot::bootWeb(Object(Config\Paths))
 8 SYSTEMPATH\rewrite.php(44): require_once('C:\\Users\\LENOVO\\Desktop\\xampp\\htdocs\\e-surat\\public\\index.php')
CRITICAL - 2025-10-14 01:19:17 --> CodeIgniter\HTTP\Exceptions\BadRequestException: The URI you submitted has disallowed characters: "{{ asset('sbadmin2"
[Method: GET, Route: %7B%7B%20asset%28%27sbadmin2/css/sb-admin-2.min.css%27%29%7D%7D]
in SYSTEMPATH\Router\Router.php on line 741.
 1 SYSTEMPATH\Router\Router.php(207): CodeIgniter\Router\Router->checkDisallowedChars('{{ asset(\'sbadmin2/css/sb-admin-2.min.css\')}}')
 2 SYSTEMPATH\CodeIgniter.php(832): CodeIgniter\Router\Router->handle('{{ asset(\'sbadmin2/css/sb-admin-2.min.css\')}}')
 3 SYSTEMPATH\CodeIgniter.php(455): CodeIgniter\CodeIgniter->tryToRouteIt(Object(CodeIgniter\Router\RouteCollection))
 4 SYSTEMPATH\CodeIgniter.php(354): CodeIgniter\CodeIgniter->handleRequest(null, Object(Config\Cache), false)
 5 SYSTEMPATH\Boot.php(363): CodeIgniter\CodeIgniter->run()
 6 SYSTEMPATH\Boot.php(68): CodeIgniter\Boot::runCodeIgniter(Object(CodeIgniter\CodeIgniter))
 7 FCPATH\index.php(59): CodeIgniter\Boot::bootWeb(Object(Config\Paths))
 8 SYSTEMPATH\rewrite.php(44): require_once('C:\\Users\\LENOVO\\Desktop\\xampp\\htdocs\\e-surat\\public\\index.php')
CRITICAL - 2025-10-14 01:19:17 --> CodeIgniter\HTTP\Exceptions\BadRequestException: The URI you submitted has disallowed characters: "{{ asset('sbadmin2"
[Method: GET, Route: %7B%7B%20asset%28%27sbadmin2/vendor/jquery/jquery.min.js%27%29%7D%7D]
in SYSTEMPATH\Router\Router.php on line 741.
 1 SYSTEMPATH\Router\Router.php(207): CodeIgniter\Router\Router->checkDisallowedChars('{{ asset(\'sbadmin2/vendor/jquery/jquery.min.js\')}}')
 2 SYSTEMPATH\CodeIgniter.php(832): CodeIgniter\Router\Router->handle('{{ asset(\'sbadmin2/vendor/jquery/jquery.min.js\')}}')
 3 SYSTEMPATH\CodeIgniter.php(455): CodeIgniter\CodeIgniter->tryToRouteIt(Object(CodeIgniter\Router\RouteCollection))
 4 SYSTEMPATH\CodeIgniter.php(354): CodeIgniter\CodeIgniter->handleRequest(null, Object(Config\Cache), false)
 5 SYSTEMPATH\Boot.php(363): CodeIgniter\CodeIgniter->run()
 6 SYSTEMPATH\Boot.php(68): CodeIgniter\Boot::runCodeIgniter(Object(CodeIgniter\CodeIgniter))
 7 FCPATH\index.php(59): CodeIgniter\Boot::bootWeb(Object(Config\Paths))
 8 SYSTEMPATH\rewrite.php(44): require_once('C:\\Users\\LENOVO\\Desktop\\xampp\\htdocs\\e-surat\\public\\index.php')
CRITICAL - 2025-10-14 01:19:17 --> CodeIgniter\HTTP\Exceptions\BadRequestException: The URI you submitted has disallowed characters: "{{ asset('sbadmin2"
[Method: GET, Route: %7B%7B%20asset%28%27sbadmin2/vendor/bootstrap/js/bootstrap.bundle.min.js%27%29%7D%7D]
in SYSTEMPATH\Router\Router.php on line 741.
 1 SYSTEMPATH\Router\Router.php(207): CodeIgniter\Router\Router->checkDisallowedChars('{{ asset(\'sbadmin2/vendor/bootstrap/js/bootstrap.bundle.min.js\')}}')
 2 SYSTEMPATH\CodeIgniter.php(832): CodeIgniter\Router\Router->handle('{{ asset(\'sbadmin2/vendor/bootstrap/js/bootstrap.bundle.min.js\')}}')
 3 SYSTEMPATH\CodeIgniter.php(455): CodeIgniter\CodeIgniter->tryToRouteIt(Object(CodeIgniter\Router\RouteCollection))
 4 SYSTEMPATH\CodeIgniter.php(354): CodeIgniter\CodeIgniter->handleRequest(null, Object(Config\Cache), false)
 5 SYSTEMPATH\Boot.php(363): CodeIgniter\CodeIgniter->run()
 6 SYSTEMPATH\Boot.php(68): CodeIgniter\Boot::runCodeIgniter(Object(CodeIgniter\CodeIgniter))
 7 FCPATH\index.php(59): CodeIgniter\Boot::bootWeb(Object(Config\Paths))
 8 SYSTEMPATH\rewrite.php(44): require_once('C:\\Users\\LENOVO\\Desktop\\xampp\\htdocs\\e-surat\\public\\index.php')
CRITICAL - 2025-10-14 01:19:17 --> CodeIgniter\HTTP\Exceptions\BadRequestException: The URI you submitted has disallowed characters: "{{ asset('sbadmin2"
[Method: GET, Route: %7B%7B%20asset%28%27sbadmin2/vendor/jquery-easing/jquery.easing.min.js%27%29%7D%7D]
in SYSTEMPATH\Router\Router.php on line 741.
 1 SYSTEMPATH\Router\Router.php(207): CodeIgniter\Router\Router->checkDisallowedChars('{{ asset(\'sbadmin2/vendor/jquery-easing/jquery.easing.min.js\')}}')
 2 SYSTEMPATH\CodeIgniter.php(832): CodeIgniter\Router\Router->handle('{{ asset(\'sbadmin2/vendor/jquery-easing/jquery.easing.min.js\')}}')
 3 SYSTEMPATH\CodeIgniter.php(455): CodeIgniter\CodeIgniter->tryToRouteIt(Object(CodeIgniter\Router\RouteCollection))
 4 SYSTEMPATH\CodeIgniter.php(354): CodeIgniter\CodeIgniter->handleRequest(null, Object(Config\Cache), false)
 5 SYSTEMPATH\Boot.php(363): CodeIgniter\CodeIgniter->run()
 6 SYSTEMPATH\Boot.php(68): CodeIgniter\Boot::runCodeIgniter(Object(CodeIgniter\CodeIgniter))
 7 FCPATH\index.php(59): CodeIgniter\Boot::bootWeb(Object(Config\Paths))
 8 SYSTEMPATH\rewrite.php(44): require_once('C:\\Users\\LENOVO\\Desktop\\xampp\\htdocs\\e-surat\\public\\index.php')
CRITICAL - 2025-10-14 01:19:17 --> CodeIgniter\HTTP\Exceptions\BadRequestException: The URI you submitted has disallowed characters: "{{ asset('sbadmin2"
[Method: GET, Route: %7B%7B%20asset%28%27sbadmin2/js/sb-admin-2.min.js%27%29%7D%7D]
in SYSTEMPATH\Router\Router.php on line 741.
 1 SYSTEMPATH\Router\Router.php(207): CodeIgniter\Router\Router->checkDisallowedChars('{{ asset(\'sbadmin2/js/sb-admin-2.min.js\')}}')
 2 SYSTEMPATH\CodeIgniter.php(832): CodeIgniter\Router\Router->handle('{{ asset(\'sbadmin2/js/sb-admin-2.min.js\')}}')
 3 SYSTEMPATH\CodeIgniter.php(455): CodeIgniter\CodeIgniter->tryToRouteIt(Object(CodeIgniter\Router\RouteCollection))
 4 SYSTEMPATH\CodeIgniter.php(354): CodeIgniter\CodeIgniter->handleRequest(null, Object(Config\Cache), false)
 5 SYSTEMPATH\Boot.php(363): CodeIgniter\CodeIgniter->run()
 6 SYSTEMPATH\Boot.php(68): CodeIgniter\Boot::runCodeIgniter(Object(CodeIgniter\CodeIgniter))
 7 FCPATH\index.php(59): CodeIgniter\Boot::bootWeb(Object(Config\Paths))
 8 SYSTEMPATH\rewrite.php(44): require_once('C:\\Users\\LENOVO\\Desktop\\xampp\\htdocs\\e-surat\\public\\index.php')
CRITICAL - 2025-10-14 01:53:41 --> CodeIgniter\HTTP\Exceptions\BadRequestException: The URI you submitted has disallowed characters: "<"
[Method: GET, Route: %3C]
in SYSTEMPATH\Router\Router.php on line 741.
 1 SYSTEMPATH\Router\Router.php(207): CodeIgniter\Router\Router->checkDisallowedChars('<')
 2 SYSTEMPATH\CodeIgniter.php(832): CodeIgniter\Router\Router->handle('<')
 3 SYSTEMPATH\CodeIgniter.php(455): CodeIgniter\CodeIgniter->tryToRouteIt(Object(CodeIgniter\Router\RouteCollection))
 4 SYSTEMPATH\CodeIgniter.php(354): CodeIgniter\CodeIgniter->handleRequest(null, Object(Config\Cache), false)
 5 SYSTEMPATH\Boot.php(363): CodeIgniter\CodeIgniter->run()
 6 SYSTEMPATH\Boot.php(68): CodeIgniter\Boot::runCodeIgniter(Object(CodeIgniter\CodeIgniter))
 7 FCPATH\index.php(59): CodeIgniter\Boot::bootWeb(Object(Config\Paths))
CRITICAL - 2025-10-14 01:53:44 --> CodeIgniter\HTTP\Exceptions\BadRequestException: The URI you submitted has disallowed characters: "<"
[Method: GET, Route: %3C]
in SYSTEMPATH\Router\Router.php on line 741.
 1 SYSTEMPATH\Router\Router.php(207): CodeIgniter\Router\Router->checkDisallowedChars('<')
 2 SYSTEMPATH\CodeIgniter.php(832): CodeIgniter\Router\Router->handle('<')
 3 SYSTEMPATH\CodeIgniter.php(455): CodeIgniter\CodeIgniter->tryToRouteIt(Object(CodeIgniter\Router\RouteCollection))
 4 SYSTEMPATH\CodeIgniter.php(354): CodeIgniter\CodeIgniter->handleRequest(null, Object(Config\Cache), false)
 5 SYSTEMPATH\Boot.php(363): CodeIgniter\CodeIgniter->run()
 6 SYSTEMPATH\Boot.php(68): CodeIgniter\Boot::runCodeIgniter(Object(CodeIgniter\CodeIgniter))
 7 FCPATH\index.php(59): CodeIgniter\Boot::bootWeb(Object(Config\Paths))
CRITICAL - 2025-10-14 02:08:03 --> ErrorException: Undefined variable $title
[Method: GET, Route: /]
in APPPATH\Views\layouts\app.php on line 12.
 1 APPPATH\Views\layouts\app.php(12): CodeIgniter\Debug\Exceptions->errorHandler(2, 'Undefined variable $title', 'C:\\Users\\LENOVO\\Desktop\\xampp\\htdocs\\e-surat\\app\\Views\\layouts\\app.php', 12)
 2 SYSTEMPATH\View\View.php(226): include('C:\\Users\\LENOVO\\Desktop\\xampp\\htdocs\\e-surat\\app\\Views\\layouts\\app.php')
 3 SYSTEMPATH\View\View.php(229): CodeIgniter\View\View->CodeIgniter\View\{closure}()
 4 SYSTEMPATH\Common.php(1167): CodeIgniter\View\View->render('layouts/app', [], true)
 5 APPPATH\Views\home.php(1): view('layouts/app')
 6 SYSTEMPATH\View\View.php(226): include('C:\\Users\\LENOVO\\Desktop\\xampp\\htdocs\\e-surat\\app\\Views\\home.php')
 7 SYSTEMPATH\View\View.php(229): CodeIgniter\View\View->CodeIgniter\View\{closure}()
 8 SYSTEMPATH\Common.php(1167): CodeIgniter\View\View->render('home', [], true)
 9 APPPATH\Controllers\Home.php(11): view('home')
10 SYSTEMPATH\CodeIgniter.php(933): App\Controllers\Home->index()
11 SYSTEMPATH\CodeIgniter.php(507): CodeIgniter\CodeIgniter->runController(Object(App\Controllers\Home))
12 SYSTEMPATH\CodeIgniter.php(354): CodeIgniter\CodeIgniter->handleRequest(null, Object(Config\Cache), false)
13 SYSTEMPATH\Boot.php(363): CodeIgniter\CodeIgniter->run()
14 SYSTEMPATH\Boot.php(68): CodeIgniter\Boot::runCodeIgniter(Object(CodeIgniter\CodeIgniter))
15 FCPATH\index.php(59): CodeIgniter\Boot::bootWeb(Object(Config\Paths))
16 SYSTEMPATH\rewrite.php(44): require_once('C:\\Users\\LENOVO\\Desktop\\xampp\\htdocs\\e-surat\\public\\index.php')
CRITICAL - 2025-10-14 02:28:43 --> CodeIgniter\View\Exceptions\ViewException: Invalid file: "layout/app.php"
[Method: GET, Route: /]
in SYSTEMPATH\Exceptions\FrameworkException.php on line 39.
 1 SYSTEMPATH\View\View.php(214): CodeIgniter\Exceptions\FrameworkException::forInvalidFile('layout/app.php')
 2 SYSTEMPATH\View\View.php(242): CodeIgniter\View\View->render('layout/app', [], true)
 3 SYSTEMPATH\Common.php(1167): CodeIgniter\View\View->render('home', [], true)
 4 APPPATH\Controllers\Home.php(15): view('home', [...])
 5 SYSTEMPATH\CodeIgniter.php(933): App\Controllers\Home->index()
 6 SYSTEMPATH\CodeIgniter.php(507): CodeIgniter\CodeIgniter->runController(Object(App\Controllers\Home))
 7 SYSTEMPATH\CodeIgniter.php(354): CodeIgniter\CodeIgniter->handleRequest(null, Object(Config\Cache), false)
 8 SYSTEMPATH\Boot.php(363): CodeIgniter\CodeIgniter->run()
 9 SYSTEMPATH\Boot.php(68): CodeIgniter\Boot::runCodeIgniter(Object(CodeIgniter\CodeIgniter))
10 FCPATH\index.php(59): CodeIgniter\Boot::bootWeb(Object(Config\Paths))
11 SYSTEMPATH\rewrite.php(44): require_once('C:\\Users\\LENOVO\\Desktop\\xampp\\htdocs\\e-surat\\public\\index.php')
CRITICAL - 2025-10-14 02:28:44 --> CodeIgniter\View\Exceptions\ViewException: Invalid file: "layout/app.php"
[Method: GET, Route: /]
in SYSTEMPATH\Exceptions\FrameworkException.php on line 39.
 1 SYSTEMPATH\View\View.php(214): CodeIgniter\Exceptions\FrameworkException::forInvalidFile('layout/app.php')
 2 SYSTEMPATH\View\View.php(242): CodeIgniter\View\View->render('layout/app', [], true)
 3 SYSTEMPATH\Common.php(1167): CodeIgniter\View\View->render('home', [], true)
 4 APPPATH\Controllers\Home.php(15): view('home', [...])
 5 SYSTEMPATH\CodeIgniter.php(933): App\Controllers\Home->index()
 6 SYSTEMPATH\CodeIgniter.php(507): CodeIgniter\CodeIgniter->runController(Object(App\Controllers\Home))
 7 SYSTEMPATH\CodeIgniter.php(354): CodeIgniter\CodeIgniter->handleRequest(null, Object(Config\Cache), false)
 8 SYSTEMPATH\Boot.php(363): CodeIgniter\CodeIgniter->run()
 9 SYSTEMPATH\Boot.php(68): CodeIgniter\Boot::runCodeIgniter(Object(CodeIgniter\CodeIgniter))
10 FCPATH\index.php(59): CodeIgniter\Boot::bootWeb(Object(Config\Paths))
11 SYSTEMPATH\rewrite.php(44): require_once('C:\\Users\\LENOVO\\Desktop\\xampp\\htdocs\\e-surat\\public\\index.php')
CRITICAL - 2025-10-14 05:01:40 --> Error: Call to undefined method CodeIgniter\Router\RouteCollection::name()
[Method: GET, Route: /]
in APPPATH\Config\Routes.php on line 10.
 1 SYSTEMPATH\Router\RouteCollection.php(339): require()
 2 SYSTEMPATH\CodeIgniter.php(821): CodeIgniter\Router\RouteCollection->loadRoutes()
 3 SYSTEMPATH\CodeIgniter.php(455): CodeIgniter\CodeIgniter->tryToRouteIt(null)
 4 SYSTEMPATH\CodeIgniter.php(354): CodeIgniter\CodeIgniter->handleRequest(null, Object(Config\Cache), false)
 5 SYSTEMPATH\Boot.php(363): CodeIgniter\CodeIgniter->run()
 6 SYSTEMPATH\Boot.php(68): CodeIgniter\Boot::runCodeIgniter(Object(CodeIgniter\CodeIgniter))
 7 FCPATH\index.php(59): CodeIgniter\Boot::bootWeb(Object(Config\Paths))
 8 SYSTEMPATH\rewrite.php(44): require_once('C:\\Users\\LENOVO\\Desktop\\xampp\\htdocs\\e-surat\\public\\index.php')
CRITICAL - 2025-10-14 05:01:50 --> Error: Call to undefined method CodeIgniter\Router\RouteCollection::name()
[Method: GET, Route: /]
in APPPATH\Config\Routes.php on line 10.
 1 SYSTEMPATH\Router\RouteCollection.php(339): require()
 2 SYSTEMPATH\CodeIgniter.php(821): CodeIgniter\Router\RouteCollection->loadRoutes()
 3 SYSTEMPATH\CodeIgniter.php(455): CodeIgniter\CodeIgniter->tryToRouteIt(null)
 4 SYSTEMPATH\CodeIgniter.php(354): CodeIgniter\CodeIgniter->handleRequest(null, Object(Config\Cache), false)
 5 SYSTEMPATH\Boot.php(363): CodeIgniter\CodeIgniter->run()
 6 SYSTEMPATH\Boot.php(68): CodeIgniter\Boot::runCodeIgniter(Object(CodeIgniter\CodeIgniter))
 7 FCPATH\index.php(59): CodeIgniter\Boot::bootWeb(Object(Config\Paths))
 8 SYSTEMPATH\rewrite.php(44): require_once('C:\\Users\\LENOVO\\Desktop\\xampp\\htdocs\\e-surat\\public\\index.php')
CRITICAL - 2025-10-14 05:02:02 --> ParseError: syntax error, unexpected end of file
[Method: GET, Route: /]
in APPPATH\Config\Routes.php on line 13.
 1 SYSTEMPATH\CodeIgniter.php(821): CodeIgniter\Router\RouteCollection->loadRoutes()
 2 SYSTEMPATH\CodeIgniter.php(455): CodeIgniter\CodeIgniter->tryToRouteIt(null)
 3 SYSTEMPATH\CodeIgniter.php(354): CodeIgniter\CodeIgniter->handleRequest(null, Object(Config\Cache), false)
 4 SYSTEMPATH\Boot.php(363): CodeIgniter\CodeIgniter->run()
 5 SYSTEMPATH\Boot.php(68): CodeIgniter\Boot::runCodeIgniter(Object(CodeIgniter\CodeIgniter))
 6 FCPATH\index.php(59): CodeIgniter\Boot::bootWeb(Object(Config\Paths))
 7 SYSTEMPATH\rewrite.php(44): require_once('C:\\Users\\LENOVO\\Desktop\\xampp\\htdocs\\e-surat\\public\\index.php')
CRITICAL - 2025-10-14 05:02:03 --> ParseError: syntax error, unexpected end of file
[Method: GET, Route: /]
in APPPATH\Config\Routes.php on line 13.
 1 SYSTEMPATH\CodeIgniter.php(821): CodeIgniter\Router\RouteCollection->loadRoutes()
 2 SYSTEMPATH\CodeIgniter.php(455): CodeIgniter\CodeIgniter->tryToRouteIt(null)
 3 SYSTEMPATH\CodeIgniter.php(354): CodeIgniter\CodeIgniter->handleRequest(null, Object(Config\Cache), false)
 4 SYSTEMPATH\Boot.php(363): CodeIgniter\CodeIgniter->run()
 5 SYSTEMPATH\Boot.php(68): CodeIgniter\Boot::runCodeIgniter(Object(CodeIgniter\CodeIgniter))
 6 FCPATH\index.php(59): CodeIgniter\Boot::bootWeb(Object(Config\Paths))
 7 SYSTEMPATH\rewrite.php(44): require_once('C:\\Users\\LENOVO\\Desktop\\xampp\\htdocs\\e-surat\\public\\index.php')
CRITICAL - 2025-10-14 05:02:03 --> ParseError: syntax error, unexpected end of file
[Method: GET, Route: /]
in APPPATH\Config\Routes.php on line 13.
 1 SYSTEMPATH\CodeIgniter.php(821): CodeIgniter\Router\RouteCollection->loadRoutes()
 2 SYSTEMPATH\CodeIgniter.php(455): CodeIgniter\CodeIgniter->tryToRouteIt(null)
 3 SYSTEMPATH\CodeIgniter.php(354): CodeIgniter\CodeIgniter->handleRequest(null, Object(Config\Cache), false)
 4 SYSTEMPATH\Boot.php(363): CodeIgniter\CodeIgniter->run()
 5 SYSTEMPATH\Boot.php(68): CodeIgniter\Boot::runCodeIgniter(Object(CodeIgniter\CodeIgniter))
 6 FCPATH\index.php(59): CodeIgniter\Boot::bootWeb(Object(Config\Paths))
 7 SYSTEMPATH\rewrite.php(44): require_once('C:\\Users\\LENOVO\\Desktop\\xampp\\htdocs\\e-surat\\public\\index.php')
