DEBUG - 2025-10-27 01:43:39 --> Session: Class initialized using 'CodeIgniter\Session\Handlers\FileHandler' driver.
DEBUG - 2025-10-27 01:43:53 --> Session: Class initialized using 'CodeIgniter\Session\Handlers\FileHandler' driver.
DEBUG - 2025-10-27 01:43:53 --> Session: Class initialized using 'CodeIgniter\Session\Handlers\FileHandler' driver.
DEBUG - 2025-10-27 01:44:12 --> Session: Class initialized using 'CodeIgniter\Session\Handlers\FileHandler' driver.
DEBUG - 2025-10-27 01:44:12 --> Session: Class initialized using 'CodeIgniter\Session\Handlers\FileHandler' driver.
DEBUG - 2025-10-27 01:47:53 --> Session: Class initialized using 'CodeIgniter\Session\Handlers\FileHandler' driver.
DEBUG - 2025-10-27 01:47:55 --> Session: Class initialized using 'CodeIgniter\Session\Handlers\FileHandler' driver.
DEBUG - 2025-10-27 01:47:57 --> Session: Class initialized using 'CodeIgniter\Session\Handlers\FileHandler' driver.
DEBUG - 2025-10-27 01:49:47 --> Session: Class initialized using 'CodeIgniter\Session\Handlers\FileHandler' driver.
DEBUG - 2025-10-27 01:49:47 --> Session: Class initialized using 'CodeIgniter\Session\Handlers\FileHandler' driver.
DEBUG - 2025-10-27 01:59:29 --> Session: Class initialized using 'CodeIgniter\Session\Handlers\FileHandler' driver.
DEBUG - 2025-10-27 01:59:32 --> Session: Class initialized using 'CodeIgniter\Session\Handlers\FileHandler' driver.
DEBUG - 2025-10-27 01:59:34 --> Session: Class initialized using 'CodeIgniter\Session\Handlers\FileHandler' driver.
DEBUG - 2025-10-27 01:59:35 --> Session: Class initialized using 'CodeIgniter\Session\Handlers\FileHandler' driver.
DEBUG - 2025-10-27 01:59:36 --> Session: Class initialized using 'CodeIgniter\Session\Handlers\FileHandler' driver.
DEBUG - 2025-10-27 02:01:27 --> Session: Class initialized using 'CodeIgniter\Session\Handlers\FileHandler' driver.
DEBUG - 2025-10-27 02:01:32 --> Session: Class initialized using 'CodeIgniter\Session\Handlers\FileHandler' driver.
DEBUG - 2025-10-27 02:01:35 --> Session: Class initialized using 'CodeIgniter\Session\Handlers\FileHandler' driver.
DEBUG - 2025-10-27 02:01:38 --> Session: Class initialized using 'CodeIgniter\Session\Handlers\FileHandler' driver.
DEBUG - 2025-10-27 02:01:53 --> Session: Class initialized using 'CodeIgniter\Session\Handlers\FileHandler' driver.
DEBUG - 2025-10-27 02:01:54 --> Session: Class initialized using 'CodeIgniter\Session\Handlers\FileHandler' driver.
DEBUG - 2025-10-27 02:50:54 --> Session: Class initialized using 'CodeIgniter\Session\Handlers\FileHandler' driver.
DEBUG - 2025-10-27 02:50:54 --> Session: Class initialized using 'CodeIgniter\Session\Handlers\FileHandler' driver.
DEBUG - 2025-10-27 03:21:31 --> Session: Class initialized using 'CodeIgniter\Session\Handlers\FileHandler' driver.
DEBUG - 2025-10-27 03:21:33 --> Session: Class initialized using 'CodeIgniter\Session\Handlers\FileHandler' driver.
DEBUG - 2025-10-27 03:21:35 --> Session: Class initialized using 'CodeIgniter\Session\Handlers\FileHandler' driver.
DEBUG - 2025-10-27 03:21:36 --> Session: Class initialized using 'CodeIgniter\Session\Handlers\FileHandler' driver.
DEBUG - 2025-10-27 03:22:13 --> Session: Class initialized using 'CodeIgniter\Session\Handlers\FileHandler' driver.
DEBUG - 2025-10-27 03:22:37 --> Session: Class initialized using 'CodeIgniter\Session\Handlers\FileHandler' driver.
DEBUG - 2025-10-27 03:23:54 --> Session: Class initialized using 'CodeIgniter\Session\Handlers\FileHandler' driver.
DEBUG - 2025-10-27 03:23:56 --> Session: Class initialized using 'CodeIgniter\Session\Handlers\FileHandler' driver.
DEBUG - 2025-10-27 03:23:57 --> Session: Class initialized using 'CodeIgniter\Session\Handlers\FileHandler' driver.
DEBUG - 2025-10-27 03:23:59 --> Session: Class initialized using 'CodeIgniter\Session\Handlers\FileHandler' driver.
DEBUG - 2025-10-27 03:26:06 --> Session: Class initialized using 'CodeIgniter\Session\Handlers\FileHandler' driver.
DEBUG - 2025-10-27 03:28:38 --> Session: Class initialized using 'CodeIgniter\Session\Handlers\FileHandler' driver.
ERROR - 2025-10-27 03:28:38 --> mysqli_sql_exception: Column 'user_id' cannot be null in C:\Users\LENOVO\Desktop\xampp\htdocs\e-surat\system\Database\MySQLi\Connection.php:327
Stack trace:
#0 C:\Users\LENOVO\Desktop\xampp\htdocs\e-surat\system\Database\MySQLi\Connection.php(327): mysqli->query('INSERT INTO `su...', 0)
#1 C:\Users\LENOVO\Desktop\xampp\htdocs\e-surat\system\Database\BaseConnection.php(729): CodeIgniter\Database\MySQLi\Connection->execute('INSERT INTO `su...')
#2 C:\Users\LENOVO\Desktop\xampp\htdocs\e-surat\system\Database\BaseConnection.php(646): CodeIgniter\Database\BaseConnection->simpleQuery('INSERT INTO `su...')
#3 C:\Users\LENOVO\Desktop\xampp\htdocs\e-surat\system\Database\BaseBuilder.php(2345): CodeIgniter\Database\BaseConnection->query('INSERT INTO `su...', Array, false)
#4 C:\Users\LENOVO\Desktop\xampp\htdocs\e-surat\system\Model.php(394): CodeIgniter\Database\BaseBuilder->insert()
#5 C:\Users\LENOVO\Desktop\xampp\htdocs\e-surat\system\BaseModel.php(838): CodeIgniter\Model->doInsert(Array)
#6 C:\Users\LENOVO\Desktop\xampp\htdocs\e-surat\system\Model.php(797): CodeIgniter\BaseModel->insert(Array, true)
#7 C:\Users\LENOVO\Desktop\xampp\htdocs\e-surat\app\Controllers\Surat.php(42): CodeIgniter\Model->insert(Array)
#8 C:\Users\LENOVO\Desktop\xampp\htdocs\e-surat\system\CodeIgniter.php(933): App\Controllers\Surat->store()
#9 C:\Users\LENOVO\Desktop\xampp\htdocs\e-surat\system\CodeIgniter.php(507): CodeIgniter\CodeIgniter->runController(Object(App\Controllers\Surat))
#10 C:\Users\LENOVO\Desktop\xampp\htdocs\e-surat\system\CodeIgniter.php(354): CodeIgniter\CodeIgniter->handleRequest(NULL, Object(Config\Cache), false)
#11 C:\Users\LENOVO\Desktop\xampp\htdocs\e-surat\system\Boot.php(363): CodeIgniter\CodeIgniter->run()
#12 C:\Users\LENOVO\Desktop\xampp\htdocs\e-surat\system\Boot.php(68): CodeIgniter\Boot::runCodeIgniter(Object(CodeIgniter\CodeIgniter))
#13 C:\Users\LENOVO\Desktop\xampp\htdocs\e-surat\public\index.php(59): CodeIgniter\Boot::bootWeb(Object(Config\Paths))
#14 C:\Users\LENOVO\Desktop\xampp\htdocs\e-surat\system\rewrite.php(44): require_once('C:\\Users\\LENOVO...')
#15 {main}
CRITICAL - 2025-10-27 03:28:38 --> CodeIgniter\Database\Exceptions\DatabaseException: Column 'user_id' cannot be null
[Method: POST, Route: surat/store]
in SYSTEMPATH\Database\BaseConnection.php on line 684.
 1 SYSTEMPATH\Database\BaseBuilder.php(2345): CodeIgniter\Database\BaseConnection->query('INSERT INTO `surat_keterangan` (`user_id`, `semester`, `tahun_ajaran`, `nama_orangtua`, `pangkat`, `status`, `created_at`, `updated_at`) VALUES (:user_id:, :semester:, :tahun_ajaran:, :nama_orangtua:, :pangkat:, :status:, :created_at:, :updated_at:)', [...], false)
 2 SYSTEMPATH\Model.php(394): CodeIgniter\Database\BaseBuilder->insert()
 3 SYSTEMPATH\BaseModel.php(838): CodeIgniter\Model->doInsert([...])
 4 SYSTEMPATH\Model.php(797): CodeIgniter\BaseModel->insert([...], true)
 5 APPPATH\Controllers\Surat.php(42): CodeIgniter\Model->insert([...])
 6 SYSTEMPATH\CodeIgniter.php(933): App\Controllers\Surat->store()
 7 SYSTEMPATH\CodeIgniter.php(507): CodeIgniter\CodeIgniter->runController(Object(App\Controllers\Surat))
 8 SYSTEMPATH\CodeIgniter.php(354): CodeIgniter\CodeIgniter->handleRequest(null, Object(Config\Cache), false)
 9 SYSTEMPATH\Boot.php(363): CodeIgniter\CodeIgniter->run()
10 SYSTEMPATH\Boot.php(68): CodeIgniter\Boot::runCodeIgniter(Object(CodeIgniter\CodeIgniter))
11 FCPATH\index.php(59): CodeIgniter\Boot::bootWeb(Object(Config\Paths))
12 SYSTEMPATH\rewrite.php(44): require_once('C:\\Users\\LENOVO\\Desktop\\xampp\\htdocs\\e-surat\\public\\index.php')
CRITICAL - 2025-10-27 03:28:38 --> [Caused by] CodeIgniter\Database\Exceptions\DatabaseException: Column 'user_id' cannot be null
in SYSTEMPATH\Database\MySQLi\Connection.php on line 332.
 1 SYSTEMPATH\Database\BaseConnection.php(729): CodeIgniter\Database\MySQLi\Connection->execute('INSERT INTO `surat_keterangan` (`user_id`, `semester`, `tahun_ajaran`, `nama_orangtua`, `pangkat`, `status`, `created_at`, `updated_at`) VALUES (NULL, \'3\', \'2025/2026\', \'stefan\', \'guru\', \'pending\', \'2025-10-27 03:28:38\', \'2025-10-27 03:28:38\')')
 2 SYSTEMPATH\Database\BaseConnection.php(646): CodeIgniter\Database\BaseConnection->simpleQuery('INSERT INTO `surat_keterangan` (`user_id`, `semester`, `tahun_ajaran`, `nama_orangtua`, `pangkat`, `status`, `created_at`, `updated_at`) VALUES (NULL, \'3\', \'2025/2026\', \'stefan\', \'guru\', \'pending\', \'2025-10-27 03:28:38\', \'2025-10-27 03:28:38\')')
 3 SYSTEMPATH\Database\BaseBuilder.php(2345): CodeIgniter\Database\BaseConnection->query('INSERT INTO `surat_keterangan` (`user_id`, `semester`, `tahun_ajaran`, `nama_orangtua`, `pangkat`, `status`, `created_at`, `updated_at`) VALUES (:user_id:, :semester:, :tahun_ajaran:, :nama_orangtua:, :pangkat:, :status:, :created_at:, :updated_at:)', [...], false)
 4 SYSTEMPATH\Model.php(394): CodeIgniter\Database\BaseBuilder->insert()
 5 SYSTEMPATH\BaseModel.php(838): CodeIgniter\Model->doInsert([...])
 6 SYSTEMPATH\Model.php(797): CodeIgniter\BaseModel->insert([...], true)
 7 APPPATH\Controllers\Surat.php(42): CodeIgniter\Model->insert([...])
 8 SYSTEMPATH\CodeIgniter.php(933): App\Controllers\Surat->store()
 9 SYSTEMPATH\CodeIgniter.php(507): CodeIgniter\CodeIgniter->runController(Object(App\Controllers\Surat))
10 SYSTEMPATH\CodeIgniter.php(354): CodeIgniter\CodeIgniter->handleRequest(null, Object(Config\Cache), false)
11 SYSTEMPATH\Boot.php(363): CodeIgniter\CodeIgniter->run()
12 SYSTEMPATH\Boot.php(68): CodeIgniter\Boot::runCodeIgniter(Object(CodeIgniter\CodeIgniter))
13 FCPATH\index.php(59): CodeIgniter\Boot::bootWeb(Object(Config\Paths))
14 SYSTEMPATH\rewrite.php(44): require_once('C:\\Users\\LENOVO\\Desktop\\xampp\\htdocs\\e-surat\\public\\index.php')
CRITICAL - 2025-10-27 03:28:38 --> [Caused by] mysqli_sql_exception: Column 'user_id' cannot be null
in SYSTEMPATH\Database\MySQLi\Connection.php on line 327.
 1 SYSTEMPATH\Database\MySQLi\Connection.php(327): mysqli->query('INSERT INTO `surat_keterangan` (`user_id`, `semester`, `tahun_ajaran`, `nama_orangtua`, `pangkat`, `status`, `created_at`, `updated_at`) VALUES (NULL, \'3\', \'2025/2026\', \'stefan\', \'guru\', \'pending\', \'2025-10-27 03:28:38\', \'2025-10-27 03:28:38\')', 0)
 2 SYSTEMPATH\Database\BaseConnection.php(729): CodeIgniter\Database\MySQLi\Connection->execute('INSERT INTO `surat_keterangan` (`user_id`, `semester`, `tahun_ajaran`, `nama_orangtua`, `pangkat`, `status`, `created_at`, `updated_at`) VALUES (NULL, \'3\', \'2025/2026\', \'stefan\', \'guru\', \'pending\', \'2025-10-27 03:28:38\', \'2025-10-27 03:28:38\')')
 3 SYSTEMPATH\Database\BaseConnection.php(646): CodeIgniter\Database\BaseConnection->simpleQuery('INSERT INTO `surat_keterangan` (`user_id`, `semester`, `tahun_ajaran`, `nama_orangtua`, `pangkat`, `status`, `created_at`, `updated_at`) VALUES (NULL, \'3\', \'2025/2026\', \'stefan\', \'guru\', \'pending\', \'2025-10-27 03:28:38\', \'2025-10-27 03:28:38\')')
 4 SYSTEMPATH\Database\BaseBuilder.php(2345): CodeIgniter\Database\BaseConnection->query('INSERT INTO `surat_keterangan` (`user_id`, `semester`, `tahun_ajaran`, `nama_orangtua`, `pangkat`, `status`, `created_at`, `updated_at`) VALUES (:user_id:, :semester:, :tahun_ajaran:, :nama_orangtua:, :pangkat:, :status:, :created_at:, :updated_at:)', [...], false)
 5 SYSTEMPATH\Model.php(394): CodeIgniter\Database\BaseBuilder->insert()
 6 SYSTEMPATH\BaseModel.php(838): CodeIgniter\Model->doInsert([...])
 7 SYSTEMPATH\Model.php(797): CodeIgniter\BaseModel->insert([...], true)
 8 APPPATH\Controllers\Surat.php(42): CodeIgniter\Model->insert([...])
 9 SYSTEMPATH\CodeIgniter.php(933): App\Controllers\Surat->store()
10 SYSTEMPATH\CodeIgniter.php(507): CodeIgniter\CodeIgniter->runController(Object(App\Controllers\Surat))
11 SYSTEMPATH\CodeIgniter.php(354): CodeIgniter\CodeIgniter->handleRequest(null, Object(Config\Cache), false)
12 SYSTEMPATH\Boot.php(363): CodeIgniter\CodeIgniter->run()
13 SYSTEMPATH\Boot.php(68): CodeIgniter\Boot::runCodeIgniter(Object(CodeIgniter\CodeIgniter))
14 FCPATH\index.php(59): CodeIgniter\Boot::bootWeb(Object(Config\Paths))
15 SYSTEMPATH\rewrite.php(44): require_once('C:\\Users\\LENOVO\\Desktop\\xampp\\htdocs\\e-surat\\public\\index.php')
DEBUG - 2025-10-27 03:31:24 --> Session: Class initialized using 'CodeIgniter\Session\Handlers\FileHandler' driver.
DEBUG - 2025-10-27 03:31:49 --> Session: Class initialized using 'CodeIgniter\Session\Handlers\FileHandler' driver.
DEBUG - 2025-10-27 03:31:49 --> Session: Class initialized using 'CodeIgniter\Session\Handlers\FileHandler' driver.
DEBUG - 2025-10-27 03:35:22 --> Session: Class initialized using 'CodeIgniter\Session\Handlers\FileHandler' driver.
DEBUG - 2025-10-27 03:35:23 --> Session: Class initialized using 'CodeIgniter\Session\Handlers\FileHandler' driver.
DEBUG - 2025-10-27 03:35:35 --> Session: Class initialized using 'CodeIgniter\Session\Handlers\FileHandler' driver.
DEBUG - 2025-10-27 03:35:35 --> Session: Class initialized using 'CodeIgniter\Session\Handlers\FileHandler' driver.
DEBUG - 2025-10-27 03:35:44 --> Session: Class initialized using 'CodeIgniter\Session\Handlers\FileHandler' driver.
DEBUG - 2025-10-27 03:35:52 --> Session: Class initialized using 'CodeIgniter\Session\Handlers\FileHandler' driver.
ERROR - 2025-10-27 03:35:52 --> mysqli_sql_exception: Column 'user_id' cannot be null in C:\Users\LENOVO\Desktop\xampp\htdocs\e-surat\system\Database\MySQLi\Connection.php:327
Stack trace:
#0 C:\Users\LENOVO\Desktop\xampp\htdocs\e-surat\system\Database\MySQLi\Connection.php(327): mysqli->query('INSERT INTO `su...', 0)
#1 C:\Users\LENOVO\Desktop\xampp\htdocs\e-surat\system\Database\BaseConnection.php(729): CodeIgniter\Database\MySQLi\Connection->execute('INSERT INTO `su...')
#2 C:\Users\LENOVO\Desktop\xampp\htdocs\e-surat\system\Database\BaseConnection.php(646): CodeIgniter\Database\BaseConnection->simpleQuery('INSERT INTO `su...')
#3 C:\Users\LENOVO\Desktop\xampp\htdocs\e-surat\system\Database\BaseBuilder.php(2345): CodeIgniter\Database\BaseConnection->query('INSERT INTO `su...', Array, false)
#4 C:\Users\LENOVO\Desktop\xampp\htdocs\e-surat\system\Model.php(394): CodeIgniter\Database\BaseBuilder->insert()
#5 C:\Users\LENOVO\Desktop\xampp\htdocs\e-surat\system\BaseModel.php(838): CodeIgniter\Model->doInsert(Array)
#6 C:\Users\LENOVO\Desktop\xampp\htdocs\e-surat\system\Model.php(797): CodeIgniter\BaseModel->insert(Array, true)
#7 C:\Users\LENOVO\Desktop\xampp\htdocs\e-surat\app\Controllers\Surat.php(42): CodeIgniter\Model->insert(Array)
#8 C:\Users\LENOVO\Desktop\xampp\htdocs\e-surat\system\CodeIgniter.php(933): App\Controllers\Surat->store()
#9 C:\Users\LENOVO\Desktop\xampp\htdocs\e-surat\system\CodeIgniter.php(507): CodeIgniter\CodeIgniter->runController(Object(App\Controllers\Surat))
#10 C:\Users\LENOVO\Desktop\xampp\htdocs\e-surat\system\CodeIgniter.php(354): CodeIgniter\CodeIgniter->handleRequest(NULL, Object(Config\Cache), false)
#11 C:\Users\LENOVO\Desktop\xampp\htdocs\e-surat\system\Boot.php(363): CodeIgniter\CodeIgniter->run()
#12 C:\Users\LENOVO\Desktop\xampp\htdocs\e-surat\system\Boot.php(68): CodeIgniter\Boot::runCodeIgniter(Object(CodeIgniter\CodeIgniter))
#13 C:\Users\LENOVO\Desktop\xampp\htdocs\e-surat\public\index.php(59): CodeIgniter\Boot::bootWeb(Object(Config\Paths))
#14 C:\Users\LENOVO\Desktop\xampp\htdocs\e-surat\system\rewrite.php(44): require_once('C:\\Users\\LENOVO...')
#15 {main}
CRITICAL - 2025-10-27 03:35:52 --> CodeIgniter\Database\Exceptions\DatabaseException: Column 'user_id' cannot be null
[Method: POST, Route: surat/store]
in SYSTEMPATH\Database\BaseConnection.php on line 684.
 1 SYSTEMPATH\Database\BaseBuilder.php(2345): CodeIgniter\Database\BaseConnection->query('INSERT INTO `surat_keterangan` (`user_id`, `semester`, `tahun_ajaran`, `nama_orangtua`, `pangkat`, `status`, `created_at`, `updated_at`) VALUES (:user_id:, :semester:, :tahun_ajaran:, :nama_orangtua:, :pangkat:, :status:, :created_at:, :updated_at:)', [...], false)
 2 SYSTEMPATH\Model.php(394): CodeIgniter\Database\BaseBuilder->insert()
 3 SYSTEMPATH\BaseModel.php(838): CodeIgniter\Model->doInsert([...])
 4 SYSTEMPATH\Model.php(797): CodeIgniter\BaseModel->insert([...], true)
 5 APPPATH\Controllers\Surat.php(42): CodeIgniter\Model->insert([...])
 6 SYSTEMPATH\CodeIgniter.php(933): App\Controllers\Surat->store()
 7 SYSTEMPATH\CodeIgniter.php(507): CodeIgniter\CodeIgniter->runController(Object(App\Controllers\Surat))
 8 SYSTEMPATH\CodeIgniter.php(354): CodeIgniter\CodeIgniter->handleRequest(null, Object(Config\Cache), false)
 9 SYSTEMPATH\Boot.php(363): CodeIgniter\CodeIgniter->run()
10 SYSTEMPATH\Boot.php(68): CodeIgniter\Boot::runCodeIgniter(Object(CodeIgniter\CodeIgniter))
11 FCPATH\index.php(59): CodeIgniter\Boot::bootWeb(Object(Config\Paths))
12 SYSTEMPATH\rewrite.php(44): require_once('C:\\Users\\LENOVO\\Desktop\\xampp\\htdocs\\e-surat\\public\\index.php')
CRITICAL - 2025-10-27 03:35:52 --> [Caused by] CodeIgniter\Database\Exceptions\DatabaseException: Column 'user_id' cannot be null
in SYSTEMPATH\Database\MySQLi\Connection.php on line 332.
 1 SYSTEMPATH\Database\BaseConnection.php(729): CodeIgniter\Database\MySQLi\Connection->execute('INSERT INTO `surat_keterangan` (`user_id`, `semester`, `tahun_ajaran`, `nama_orangtua`, `pangkat`, `status`, `created_at`, `updated_at`) VALUES (NULL, \'3\', \'2025/2026\', \'stefan\', \'guru\', \'pending\', \'2025-10-27 03:35:52\', \'2025-10-27 03:35:52\')')
 2 SYSTEMPATH\Database\BaseConnection.php(646): CodeIgniter\Database\BaseConnection->simpleQuery('INSERT INTO `surat_keterangan` (`user_id`, `semester`, `tahun_ajaran`, `nama_orangtua`, `pangkat`, `status`, `created_at`, `updated_at`) VALUES (NULL, \'3\', \'2025/2026\', \'stefan\', \'guru\', \'pending\', \'2025-10-27 03:35:52\', \'2025-10-27 03:35:52\')')
 3 SYSTEMPATH\Database\BaseBuilder.php(2345): CodeIgniter\Database\BaseConnection->query('INSERT INTO `surat_keterangan` (`user_id`, `semester`, `tahun_ajaran`, `nama_orangtua`, `pangkat`, `status`, `created_at`, `updated_at`) VALUES (:user_id:, :semester:, :tahun_ajaran:, :nama_orangtua:, :pangkat:, :status:, :created_at:, :updated_at:)', [...], false)
 4 SYSTEMPATH\Model.php(394): CodeIgniter\Database\BaseBuilder->insert()
 5 SYSTEMPATH\BaseModel.php(838): CodeIgniter\Model->doInsert([...])
 6 SYSTEMPATH\Model.php(797): CodeIgniter\BaseModel->insert([...], true)
 7 APPPATH\Controllers\Surat.php(42): CodeIgniter\Model->insert([...])
 8 SYSTEMPATH\CodeIgniter.php(933): App\Controllers\Surat->store()
 9 SYSTEMPATH\CodeIgniter.php(507): CodeIgniter\CodeIgniter->runController(Object(App\Controllers\Surat))
10 SYSTEMPATH\CodeIgniter.php(354): CodeIgniter\CodeIgniter->handleRequest(null, Object(Config\Cache), false)
11 SYSTEMPATH\Boot.php(363): CodeIgniter\CodeIgniter->run()
12 SYSTEMPATH\Boot.php(68): CodeIgniter\Boot::runCodeIgniter(Object(CodeIgniter\CodeIgniter))
13 FCPATH\index.php(59): CodeIgniter\Boot::bootWeb(Object(Config\Paths))
14 SYSTEMPATH\rewrite.php(44): require_once('C:\\Users\\LENOVO\\Desktop\\xampp\\htdocs\\e-surat\\public\\index.php')
CRITICAL - 2025-10-27 03:35:52 --> [Caused by] mysqli_sql_exception: Column 'user_id' cannot be null
in SYSTEMPATH\Database\MySQLi\Connection.php on line 327.
 1 SYSTEMPATH\Database\MySQLi\Connection.php(327): mysqli->query('INSERT INTO `surat_keterangan` (`user_id`, `semester`, `tahun_ajaran`, `nama_orangtua`, `pangkat`, `status`, `created_at`, `updated_at`) VALUES (NULL, \'3\', \'2025/2026\', \'stefan\', \'guru\', \'pending\', \'2025-10-27 03:35:52\', \'2025-10-27 03:35:52\')', 0)
 2 SYSTEMPATH\Database\BaseConnection.php(729): CodeIgniter\Database\MySQLi\Connection->execute('INSERT INTO `surat_keterangan` (`user_id`, `semester`, `tahun_ajaran`, `nama_orangtua`, `pangkat`, `status`, `created_at`, `updated_at`) VALUES (NULL, \'3\', \'2025/2026\', \'stefan\', \'guru\', \'pending\', \'2025-10-27 03:35:52\', \'2025-10-27 03:35:52\')')
 3 SYSTEMPATH\Database\BaseConnection.php(646): CodeIgniter\Database\BaseConnection->simpleQuery('INSERT INTO `surat_keterangan` (`user_id`, `semester`, `tahun_ajaran`, `nama_orangtua`, `pangkat`, `status`, `created_at`, `updated_at`) VALUES (NULL, \'3\', \'2025/2026\', \'stefan\', \'guru\', \'pending\', \'2025-10-27 03:35:52\', \'2025-10-27 03:35:52\')')
 4 SYSTEMPATH\Database\BaseBuilder.php(2345): CodeIgniter\Database\BaseConnection->query('INSERT INTO `surat_keterangan` (`user_id`, `semester`, `tahun_ajaran`, `nama_orangtua`, `pangkat`, `status`, `created_at`, `updated_at`) VALUES (:user_id:, :semester:, :tahun_ajaran:, :nama_orangtua:, :pangkat:, :status:, :created_at:, :updated_at:)', [...], false)
 5 SYSTEMPATH\Model.php(394): CodeIgniter\Database\BaseBuilder->insert()
 6 SYSTEMPATH\BaseModel.php(838): CodeIgniter\Model->doInsert([...])
 7 SYSTEMPATH\Model.php(797): CodeIgniter\BaseModel->insert([...], true)
 8 APPPATH\Controllers\Surat.php(42): CodeIgniter\Model->insert([...])
 9 SYSTEMPATH\CodeIgniter.php(933): App\Controllers\Surat->store()
10 SYSTEMPATH\CodeIgniter.php(507): CodeIgniter\CodeIgniter->runController(Object(App\Controllers\Surat))
11 SYSTEMPATH\CodeIgniter.php(354): CodeIgniter\CodeIgniter->handleRequest(null, Object(Config\Cache), false)
12 SYSTEMPATH\Boot.php(363): CodeIgniter\CodeIgniter->run()
13 SYSTEMPATH\Boot.php(68): CodeIgniter\Boot::runCodeIgniter(Object(CodeIgniter\CodeIgniter))
14 FCPATH\index.php(59): CodeIgniter\Boot::bootWeb(Object(Config\Paths))
15 SYSTEMPATH\rewrite.php(44): require_once('C:\\Users\\LENOVO\\Desktop\\xampp\\htdocs\\e-surat\\public\\index.php')
DEBUG - 2025-10-27 03:38:10 --> Session: Class initialized using 'CodeIgniter\Session\Handlers\FileHandler' driver.
DEBUG - 2025-10-27 03:39:34 --> Session: Class initialized using 'CodeIgniter\Session\Handlers\FileHandler' driver.
DEBUG - 2025-10-27 10:06:03 --> Session: Class initialized using 'CodeIgniter\Session\Handlers\FileHandler' driver.
DEBUG - 2025-10-27 10:06:15 --> Session: Class initialized using 'CodeIgniter\Session\Handlers\FileHandler' driver.
DEBUG - 2025-10-27 10:06:16 --> Session: Class initialized using 'CodeIgniter\Session\Handlers\FileHandler' driver.
DEBUG - 2025-10-27 10:07:00 --> Session: Class initialized using 'CodeIgniter\Session\Handlers\FileHandler' driver.
DEBUG - 2025-10-27 10:08:57 --> Session: Class initialized using 'CodeIgniter\Session\Handlers\FileHandler' driver.
DEBUG - 2025-10-27 10:10:15 --> Session: Class initialized using 'CodeIgniter\Session\Handlers\FileHandler' driver.
DEBUG - 2025-10-27 10:12:08 --> Session: Class initialized using 'CodeIgniter\Session\Handlers\FileHandler' driver.
DEBUG - 2025-10-27 10:12:24 --> Session: Class initialized using 'CodeIgniter\Session\Handlers\FileHandler' driver.
DEBUG - 2025-10-27 10:13:01 --> Session: Class initialized using 'CodeIgniter\Session\Handlers\FileHandler' driver.
DEBUG - 2025-10-27 10:19:09 --> Session: Class initialized using 'CodeIgniter\Session\Handlers\FileHandler' driver.
DEBUG - 2025-10-27 10:19:19 --> Session: Class initialized using 'CodeIgniter\Session\Handlers\FileHandler' driver.
ERROR - 2025-10-27 12:11:23 --> mysqli_sql_exception: Table 'users' already exists in C:\Users\LENOVO\Desktop\xampp\htdocs\e-surat\system\Database\MySQLi\Connection.php:327
Stack trace:
#0 C:\Users\LENOVO\Desktop\xampp\htdocs\e-surat\system\Database\MySQLi\Connection.php(327): mysqli->query('CREATE TABLE `u...', 0)
#1 C:\Users\LENOVO\Desktop\xampp\htdocs\e-surat\system\Database\BaseConnection.php(729): CodeIgniter\Database\MySQLi\Connection->execute('CREATE TABLE `u...')
#2 C:\Users\LENOVO\Desktop\xampp\htdocs\e-surat\system\Database\BaseConnection.php(646): CodeIgniter\Database\BaseConnection->simpleQuery('CREATE TABLE `u...')
#3 C:\Users\LENOVO\Desktop\xampp\htdocs\e-surat\system\Database\Forge.php(570): CodeIgniter\Database\BaseConnection->query('CREATE TABLE `u...')
#4 C:\Users\LENOVO\Desktop\xampp\htdocs\e-surat\app\Database\Migrations\2025-10-10-004903_CreateUsersTable.php(55): CodeIgniter\Database\Forge->createTable('users')
#5 C:\Users\LENOVO\Desktop\xampp\htdocs\e-surat\system\Database\MigrationRunner.php(876): App\Database\Migrations\CreateUsersTable->up()
#6 C:\Users\LENOVO\Desktop\xampp\htdocs\e-surat\system\Database\MigrationRunner.php(182): CodeIgniter\Database\MigrationRunner->migrate('up', Object(stdClass))
#7 C:\Users\LENOVO\Desktop\xampp\htdocs\e-surat\system\Commands\Database\Migrate.php(85): CodeIgniter\Database\MigrationRunner->latest(NULL)
#8 C:\Users\LENOVO\Desktop\xampp\htdocs\e-surat\system\CLI\Commands.php(74): CodeIgniter\Commands\Database\Migrate->run(Array)
#9 C:\Users\LENOVO\Desktop\xampp\htdocs\e-surat\system\CLI\Console.php(47): CodeIgniter\CLI\Commands->run('migrate', Array)
#10 C:\Users\LENOVO\Desktop\xampp\htdocs\e-surat\system\Boot.php(388): CodeIgniter\CLI\Console->run()
#11 C:\Users\LENOVO\Desktop\xampp\htdocs\e-surat\system\Boot.php(133): CodeIgniter\Boot::runCommand(Object(CodeIgniter\CLI\Console))
#12 C:\Users\LENOVO\Desktop\xampp\htdocs\e-surat\spark(87): CodeIgniter\Boot::bootSpark(Object(Config\Paths))
#13 {main}
DEBUG - 2025-10-27 12:11:41 --> Session: Class initialized using 'CodeIgniter\Session\Handlers\FileHandler' driver.
DEBUG - 2025-10-27 12:12:06 --> Session: Class initialized using 'CodeIgniter\Session\Handlers\FileHandler' driver.
CRITICAL - 2025-10-27 12:12:06 --> ErrorException: Undefined array key "nama"
[Method: POST, Route: login]
in APPPATH\Controllers\Login.php on line 42.
 1 APPPATH\Controllers\Login.php(42): CodeIgniter\Debug\Exceptions->errorHandler(2, 'Undefined array key "nama"', 'C:\\Users\\LENOVO\\Desktop\\xampp\\htdocs\\e-surat\\app\\Controllers\\Login.php', 42)
 2 SYSTEMPATH\CodeIgniter.php(933): App\Controllers\Login->LoginProses()
 3 SYSTEMPATH\CodeIgniter.php(507): CodeIgniter\CodeIgniter->runController(Object(App\Controllers\Login))
 4 SYSTEMPATH\CodeIgniter.php(354): CodeIgniter\CodeIgniter->handleRequest(null, Object(Config\Cache), false)
 5 SYSTEMPATH\Boot.php(363): CodeIgniter\CodeIgniter->run()
 6 SYSTEMPATH\Boot.php(68): CodeIgniter\Boot::runCodeIgniter(Object(CodeIgniter\CodeIgniter))
 7 FCPATH\index.php(59): CodeIgniter\Boot::bootWeb(Object(Config\Paths))
 8 SYSTEMPATH\rewrite.php(44): require_once('C:\\Users\\LENOVO\\Desktop\\xampp\\htdocs\\e-surat\\public\\index.php')
DEBUG - 2025-10-27 12:12:39 --> Session: Class initialized using 'CodeIgniter\Session\Handlers\FileHandler' driver.
CRITICAL - 2025-10-27 12:12:39 --> ErrorException: Undefined array key "role"
[Method: POST, Route: login]
in APPPATH\Controllers\Login.php on line 43.
 1 APPPATH\Controllers\Login.php(43): CodeIgniter\Debug\Exceptions->errorHandler(2, 'Undefined array key "role"', 'C:\\Users\\LENOVO\\Desktop\\xampp\\htdocs\\e-surat\\app\\Controllers\\Login.php', 43)
 2 SYSTEMPATH\CodeIgniter.php(933): App\Controllers\Login->LoginProses()
 3 SYSTEMPATH\CodeIgniter.php(507): CodeIgniter\CodeIgniter->runController(Object(App\Controllers\Login))
 4 SYSTEMPATH\CodeIgniter.php(354): CodeIgniter\CodeIgniter->handleRequest(null, Object(Config\Cache), false)
 5 SYSTEMPATH\Boot.php(363): CodeIgniter\CodeIgniter->run()
 6 SYSTEMPATH\Boot.php(68): CodeIgniter\Boot::runCodeIgniter(Object(CodeIgniter\CodeIgniter))
 7 FCPATH\index.php(59): CodeIgniter\Boot::bootWeb(Object(Config\Paths))
 8 SYSTEMPATH\rewrite.php(44): require_once('C:\\Users\\LENOVO\\Desktop\\xampp\\htdocs\\e-surat\\public\\index.php')
DEBUG - 2025-10-27 12:12:55 --> Session: Class initialized using 'CodeIgniter\Session\Handlers\FileHandler' driver.
CRITICAL - 2025-10-27 12:12:55 --> ErrorException: Undefined array key "role"
[Method: POST, Route: login]
in APPPATH\Controllers\Login.php on line 43.
 1 APPPATH\Controllers\Login.php(43): CodeIgniter\Debug\Exceptions->errorHandler(2, 'Undefined array key "role"', 'C:\\Users\\LENOVO\\Desktop\\xampp\\htdocs\\e-surat\\app\\Controllers\\Login.php', 43)
 2 SYSTEMPATH\CodeIgniter.php(933): App\Controllers\Login->LoginProses()
 3 SYSTEMPATH\CodeIgniter.php(507): CodeIgniter\CodeIgniter->runController(Object(App\Controllers\Login))
 4 SYSTEMPATH\CodeIgniter.php(354): CodeIgniter\CodeIgniter->handleRequest(null, Object(Config\Cache), false)
 5 SYSTEMPATH\Boot.php(363): CodeIgniter\CodeIgniter->run()
 6 SYSTEMPATH\Boot.php(68): CodeIgniter\Boot::runCodeIgniter(Object(CodeIgniter\CodeIgniter))
 7 FCPATH\index.php(59): CodeIgniter\Boot::bootWeb(Object(Config\Paths))
 8 SYSTEMPATH\rewrite.php(44): require_once('C:\\Users\\LENOVO\\Desktop\\xampp\\htdocs\\e-surat\\public\\index.php')
DEBUG - 2025-10-27 12:14:16 --> Session: Class initialized using 'CodeIgniter\Session\Handlers\FileHandler' driver.
DEBUG - 2025-10-27 12:14:17 --> Session: Class initialized using 'CodeIgniter\Session\Handlers\FileHandler' driver.
DEBUG - 2025-10-27 12:14:37 --> Session: Class initialized using 'CodeIgniter\Session\Handlers\FileHandler' driver.
DEBUG - 2025-10-27 12:14:47 --> Session: Class initialized using 'CodeIgniter\Session\Handlers\FileHandler' driver.
DEBUG - 2025-10-27 12:14:48 --> Session: Class initialized using 'CodeIgniter\Session\Handlers\FileHandler' driver.
DEBUG - 2025-10-27 12:15:09 --> Session: Class initialized using 'CodeIgniter\Session\Handlers\FileHandler' driver.
ERROR - 2025-10-27 12:15:09 --> mysqli_sql_exception: Table 'db_e-surat.surat_keterangan' doesn't exist in C:\Users\LENOVO\Desktop\xampp\htdocs\e-surat\system\Database\MySQLi\Connection.php:327
Stack trace:
#0 C:\Users\LENOVO\Desktop\xampp\htdocs\e-surat\system\Database\MySQLi\Connection.php(327): mysqli->query('SELECT *\nFROM `...', 0)
#1 C:\Users\LENOVO\Desktop\xampp\htdocs\e-surat\system\Database\BaseConnection.php(729): CodeIgniter\Database\MySQLi\Connection->execute('SELECT *\nFROM `...')
#2 C:\Users\LENOVO\Desktop\xampp\htdocs\e-surat\system\Database\BaseConnection.php(646): CodeIgniter\Database\BaseConnection->simpleQuery('SELECT *\nFROM `...')
#3 C:\Users\LENOVO\Desktop\xampp\htdocs\e-surat\system\Database\BaseBuilder.php(1649): CodeIgniter\Database\BaseConnection->query('SELECT *\nFROM `...', Array, false)
#4 C:\Users\LENOVO\Desktop\xampp\htdocs\e-surat\system\Model.php(286): CodeIgniter\Database\BaseBuilder->get()
#5 C:\Users\LENOVO\Desktop\xampp\htdocs\e-surat\system\BaseModel.php(677): CodeIgniter\Model->doFindAll(0, 0)
#6 C:\Users\LENOVO\Desktop\xampp\htdocs\e-surat\app\Controllers\Surat.php(23): CodeIgniter\BaseModel->findAll()
#7 C:\Users\LENOVO\Desktop\xampp\htdocs\e-surat\system\CodeIgniter.php(933): App\Controllers\Surat->index()
#8 C:\Users\LENOVO\Desktop\xampp\htdocs\e-surat\system\CodeIgniter.php(507): CodeIgniter\CodeIgniter->runController(Object(App\Controllers\Surat))
#9 C:\Users\LENOVO\Desktop\xampp\htdocs\e-surat\system\CodeIgniter.php(354): CodeIgniter\CodeIgniter->handleRequest(NULL, Object(Config\Cache), false)
#10 C:\Users\LENOVO\Desktop\xampp\htdocs\e-surat\system\Boot.php(363): CodeIgniter\CodeIgniter->run()
#11 C:\Users\LENOVO\Desktop\xampp\htdocs\e-surat\system\Boot.php(68): CodeIgniter\Boot::runCodeIgniter(Object(CodeIgniter\CodeIgniter))
#12 C:\Users\LENOVO\Desktop\xampp\htdocs\e-surat\public\index.php(59): CodeIgniter\Boot::bootWeb(Object(Config\Paths))
#13 C:\Users\LENOVO\Desktop\xampp\htdocs\e-surat\system\rewrite.php(44): require_once('C:\\Users\\LENOVO...')
#14 {main}
CRITICAL - 2025-10-27 12:15:09 --> CodeIgniter\Database\Exceptions\DatabaseException: Table 'db_e-surat.surat_keterangan' doesn't exist
[Method: GET, Route: surat]
in SYSTEMPATH\Database\BaseConnection.php on line 684.
 1 SYSTEMPATH\Database\BaseBuilder.php(1649): CodeIgniter\Database\BaseConnection->query('SELECT *
FROM `surat_keterangan`
WHERE `user_id` IS NULL', [], false)
 2 SYSTEMPATH\Model.php(286): CodeIgniter\Database\BaseBuilder->get()
 3 SYSTEMPATH\BaseModel.php(677): CodeIgniter\Model->doFindAll(0, 0)
 4 APPPATH\Controllers\Surat.php(23): CodeIgniter\BaseModel->findAll()
 5 SYSTEMPATH\CodeIgniter.php(933): App\Controllers\Surat->index()
 6 SYSTEMPATH\CodeIgniter.php(507): CodeIgniter\CodeIgniter->runController(Object(App\Controllers\Surat))
 7 SYSTEMPATH\CodeIgniter.php(354): CodeIgniter\CodeIgniter->handleRequest(null, Object(Config\Cache), false)
 8 SYSTEMPATH\Boot.php(363): CodeIgniter\CodeIgniter->run()
 9 SYSTEMPATH\Boot.php(68): CodeIgniter\Boot::runCodeIgniter(Object(CodeIgniter\CodeIgniter))
10 FCPATH\index.php(59): CodeIgniter\Boot::bootWeb(Object(Config\Paths))
11 SYSTEMPATH\rewrite.php(44): require_once('C:\\Users\\LENOVO\\Desktop\\xampp\\htdocs\\e-surat\\public\\index.php')
CRITICAL - 2025-10-27 12:15:09 --> [Caused by] CodeIgniter\Database\Exceptions\DatabaseException: Table 'db_e-surat.surat_keterangan' doesn't exist
in SYSTEMPATH\Database\MySQLi\Connection.php on line 332.
 1 SYSTEMPATH\Database\BaseConnection.php(729): CodeIgniter\Database\MySQLi\Connection->execute('SELECT *
FROM `surat_keterangan`
WHERE `user_id` IS NULL')
 2 SYSTEMPATH\Database\BaseConnection.php(646): CodeIgniter\Database\BaseConnection->simpleQuery('SELECT *
FROM `surat_keterangan`
WHERE `user_id` IS NULL')
 3 SYSTEMPATH\Database\BaseBuilder.php(1649): CodeIgniter\Database\BaseConnection->query('SELECT *
FROM `surat_keterangan`
WHERE `user_id` IS NULL', [], false)
 4 SYSTEMPATH\Model.php(286): CodeIgniter\Database\BaseBuilder->get()
 5 SYSTEMPATH\BaseModel.php(677): CodeIgniter\Model->doFindAll(0, 0)
 6 APPPATH\Controllers\Surat.php(23): CodeIgniter\BaseModel->findAll()
 7 SYSTEMPATH\CodeIgniter.php(933): App\Controllers\Surat->index()
 8 SYSTEMPATH\CodeIgniter.php(507): CodeIgniter\CodeIgniter->runController(Object(App\Controllers\Surat))
 9 SYSTEMPATH\CodeIgniter.php(354): CodeIgniter\CodeIgniter->handleRequest(null, Object(Config\Cache), false)
10 SYSTEMPATH\Boot.php(363): CodeIgniter\CodeIgniter->run()
11 SYSTEMPATH\Boot.php(68): CodeIgniter\Boot::runCodeIgniter(Object(CodeIgniter\CodeIgniter))
12 FCPATH\index.php(59): CodeIgniter\Boot::bootWeb(Object(Config\Paths))
13 SYSTEMPATH\rewrite.php(44): require_once('C:\\Users\\LENOVO\\Desktop\\xampp\\htdocs\\e-surat\\public\\index.php')
CRITICAL - 2025-10-27 12:15:09 --> [Caused by] mysqli_sql_exception: Table 'db_e-surat.surat_keterangan' doesn't exist
in SYSTEMPATH\Database\MySQLi\Connection.php on line 327.
 1 SYSTEMPATH\Database\MySQLi\Connection.php(327): mysqli->query('SELECT *
FROM `surat_keterangan`
WHERE `user_id` IS NULL', 0)
 2 SYSTEMPATH\Database\BaseConnection.php(729): CodeIgniter\Database\MySQLi\Connection->execute('SELECT *
FROM `surat_keterangan`
WHERE `user_id` IS NULL')
 3 SYSTEMPATH\Database\BaseConnection.php(646): CodeIgniter\Database\BaseConnection->simpleQuery('SELECT *
FROM `surat_keterangan`
WHERE `user_id` IS NULL')
 4 SYSTEMPATH\Database\BaseBuilder.php(1649): CodeIgniter\Database\BaseConnection->query('SELECT *
FROM `surat_keterangan`
WHERE `user_id` IS NULL', [], false)
 5 SYSTEMPATH\Model.php(286): CodeIgniter\Database\BaseBuilder->get()
 6 SYSTEMPATH\BaseModel.php(677): CodeIgniter\Model->doFindAll(0, 0)
 7 APPPATH\Controllers\Surat.php(23): CodeIgniter\BaseModel->findAll()
 8 SYSTEMPATH\CodeIgniter.php(933): App\Controllers\Surat->index()
 9 SYSTEMPATH\CodeIgniter.php(507): CodeIgniter\CodeIgniter->runController(Object(App\Controllers\Surat))
10 SYSTEMPATH\CodeIgniter.php(354): CodeIgniter\CodeIgniter->handleRequest(null, Object(Config\Cache), false)
11 SYSTEMPATH\Boot.php(363): CodeIgniter\CodeIgniter->run()
12 SYSTEMPATH\Boot.php(68): CodeIgniter\Boot::runCodeIgniter(Object(CodeIgniter\CodeIgniter))
13 FCPATH\index.php(59): CodeIgniter\Boot::bootWeb(Object(Config\Paths))
14 SYSTEMPATH\rewrite.php(44): require_once('C:\\Users\\LENOVO\\Desktop\\xampp\\htdocs\\e-surat\\public\\index.php')
DEBUG - 2025-10-27 12:20:07 --> Session: Class initialized using 'CodeIgniter\Session\Handlers\FileHandler' driver.
ERROR - 2025-10-27 12:20:07 --> mysqli_sql_exception: Table 'db_e-surat.surat_keterangan' doesn't exist in C:\Users\LENOVO\Desktop\xampp\htdocs\e-surat\system\Database\MySQLi\Connection.php:327
Stack trace:
#0 C:\Users\LENOVO\Desktop\xampp\htdocs\e-surat\system\Database\MySQLi\Connection.php(327): mysqli->query('SELECT *\nFROM `...', 0)
#1 C:\Users\LENOVO\Desktop\xampp\htdocs\e-surat\system\Database\BaseConnection.php(729): CodeIgniter\Database\MySQLi\Connection->execute('SELECT *\nFROM `...')
#2 C:\Users\LENOVO\Desktop\xampp\htdocs\e-surat\system\Database\BaseConnection.php(646): CodeIgniter\Database\BaseConnection->simpleQuery('SELECT *\nFROM `...')
#3 C:\Users\LENOVO\Desktop\xampp\htdocs\e-surat\system\Database\BaseBuilder.php(1649): CodeIgniter\Database\BaseConnection->query('SELECT *\nFROM `...', Array, false)
#4 C:\Users\LENOVO\Desktop\xampp\htdocs\e-surat\system\Model.php(286): CodeIgniter\Database\BaseBuilder->get()
#5 C:\Users\LENOVO\Desktop\xampp\htdocs\e-surat\system\BaseModel.php(677): CodeIgniter\Model->doFindAll(0, 0)
#6 C:\Users\LENOVO\Desktop\xampp\htdocs\e-surat\app\Controllers\Surat.php(23): CodeIgniter\BaseModel->findAll()
#7 C:\Users\LENOVO\Desktop\xampp\htdocs\e-surat\system\CodeIgniter.php(933): App\Controllers\Surat->index()
#8 C:\Users\LENOVO\Desktop\xampp\htdocs\e-surat\system\CodeIgniter.php(507): CodeIgniter\CodeIgniter->runController(Object(App\Controllers\Surat))
#9 C:\Users\LENOVO\Desktop\xampp\htdocs\e-surat\system\CodeIgniter.php(354): CodeIgniter\CodeIgniter->handleRequest(NULL, Object(Config\Cache), false)
#10 C:\Users\LENOVO\Desktop\xampp\htdocs\e-surat\system\Boot.php(363): CodeIgniter\CodeIgniter->run()
#11 C:\Users\LENOVO\Desktop\xampp\htdocs\e-surat\system\Boot.php(68): CodeIgniter\Boot::runCodeIgniter(Object(CodeIgniter\CodeIgniter))
#12 C:\Users\LENOVO\Desktop\xampp\htdocs\e-surat\public\index.php(59): CodeIgniter\Boot::bootWeb(Object(Config\Paths))
#13 C:\Users\LENOVO\Desktop\xampp\htdocs\e-surat\system\rewrite.php(44): require_once('C:\\Users\\LENOVO...')
#14 {main}
CRITICAL - 2025-10-27 12:20:07 --> CodeIgniter\Database\Exceptions\DatabaseException: Table 'db_e-surat.surat_keterangan' doesn't exist
[Method: GET, Route: surat]
in SYSTEMPATH\Database\BaseConnection.php on line 684.
 1 SYSTEMPATH\Database\BaseBuilder.php(1649): CodeIgniter\Database\BaseConnection->query('SELECT *
FROM `surat_keterangan`
WHERE `user_id` IS NULL', [], false)
 2 SYSTEMPATH\Model.php(286): CodeIgniter\Database\BaseBuilder->get()
 3 SYSTEMPATH\BaseModel.php(677): CodeIgniter\Model->doFindAll(0, 0)
 4 APPPATH\Controllers\Surat.php(23): CodeIgniter\BaseModel->findAll()
 5 SYSTEMPATH\CodeIgniter.php(933): App\Controllers\Surat->index()
 6 SYSTEMPATH\CodeIgniter.php(507): CodeIgniter\CodeIgniter->runController(Object(App\Controllers\Surat))
 7 SYSTEMPATH\CodeIgniter.php(354): CodeIgniter\CodeIgniter->handleRequest(null, Object(Config\Cache), false)
 8 SYSTEMPATH\Boot.php(363): CodeIgniter\CodeIgniter->run()
 9 SYSTEMPATH\Boot.php(68): CodeIgniter\Boot::runCodeIgniter(Object(CodeIgniter\CodeIgniter))
10 FCPATH\index.php(59): CodeIgniter\Boot::bootWeb(Object(Config\Paths))
11 SYSTEMPATH\rewrite.php(44): require_once('C:\\Users\\LENOVO\\Desktop\\xampp\\htdocs\\e-surat\\public\\index.php')
CRITICAL - 2025-10-27 12:20:07 --> [Caused by] CodeIgniter\Database\Exceptions\DatabaseException: Table 'db_e-surat.surat_keterangan' doesn't exist
in SYSTEMPATH\Database\MySQLi\Connection.php on line 332.
 1 SYSTEMPATH\Database\BaseConnection.php(729): CodeIgniter\Database\MySQLi\Connection->execute('SELECT *
FROM `surat_keterangan`
WHERE `user_id` IS NULL')
 2 SYSTEMPATH\Database\BaseConnection.php(646): CodeIgniter\Database\BaseConnection->simpleQuery('SELECT *
FROM `surat_keterangan`
WHERE `user_id` IS NULL')
 3 SYSTEMPATH\Database\BaseBuilder.php(1649): CodeIgniter\Database\BaseConnection->query('SELECT *
FROM `surat_keterangan`
WHERE `user_id` IS NULL', [], false)
 4 SYSTEMPATH\Model.php(286): CodeIgniter\Database\BaseBuilder->get()
 5 SYSTEMPATH\BaseModel.php(677): CodeIgniter\Model->doFindAll(0, 0)
 6 APPPATH\Controllers\Surat.php(23): CodeIgniter\BaseModel->findAll()
 7 SYSTEMPATH\CodeIgniter.php(933): App\Controllers\Surat->index()
 8 SYSTEMPATH\CodeIgniter.php(507): CodeIgniter\CodeIgniter->runController(Object(App\Controllers\Surat))
 9 SYSTEMPATH\CodeIgniter.php(354): CodeIgniter\CodeIgniter->handleRequest(null, Object(Config\Cache), false)
10 SYSTEMPATH\Boot.php(363): CodeIgniter\CodeIgniter->run()
11 SYSTEMPATH\Boot.php(68): CodeIgniter\Boot::runCodeIgniter(Object(CodeIgniter\CodeIgniter))
12 FCPATH\index.php(59): CodeIgniter\Boot::bootWeb(Object(Config\Paths))
13 SYSTEMPATH\rewrite.php(44): require_once('C:\\Users\\LENOVO\\Desktop\\xampp\\htdocs\\e-surat\\public\\index.php')
CRITICAL - 2025-10-27 12:20:07 --> [Caused by] mysqli_sql_exception: Table 'db_e-surat.surat_keterangan' doesn't exist
in SYSTEMPATH\Database\MySQLi\Connection.php on line 327.
 1 SYSTEMPATH\Database\MySQLi\Connection.php(327): mysqli->query('SELECT *
FROM `surat_keterangan`
WHERE `user_id` IS NULL', 0)
 2 SYSTEMPATH\Database\BaseConnection.php(729): CodeIgniter\Database\MySQLi\Connection->execute('SELECT *
FROM `surat_keterangan`
WHERE `user_id` IS NULL')
 3 SYSTEMPATH\Database\BaseConnection.php(646): CodeIgniter\Database\BaseConnection->simpleQuery('SELECT *
FROM `surat_keterangan`
WHERE `user_id` IS NULL')
 4 SYSTEMPATH\Database\BaseBuilder.php(1649): CodeIgniter\Database\BaseConnection->query('SELECT *
FROM `surat_keterangan`
WHERE `user_id` IS NULL', [], false)
 5 SYSTEMPATH\Model.php(286): CodeIgniter\Database\BaseBuilder->get()
 6 SYSTEMPATH\BaseModel.php(677): CodeIgniter\Model->doFindAll(0, 0)
 7 APPPATH\Controllers\Surat.php(23): CodeIgniter\BaseModel->findAll()
 8 SYSTEMPATH\CodeIgniter.php(933): App\Controllers\Surat->index()
 9 SYSTEMPATH\CodeIgniter.php(507): CodeIgniter\CodeIgniter->runController(Object(App\Controllers\Surat))
10 SYSTEMPATH\CodeIgniter.php(354): CodeIgniter\CodeIgniter->handleRequest(null, Object(Config\Cache), false)
11 SYSTEMPATH\Boot.php(363): CodeIgniter\CodeIgniter->run()
12 SYSTEMPATH\Boot.php(68): CodeIgniter\Boot::runCodeIgniter(Object(CodeIgniter\CodeIgniter))
13 FCPATH\index.php(59): CodeIgniter\Boot::bootWeb(Object(Config\Paths))
14 SYSTEMPATH\rewrite.php(44): require_once('C:\\Users\\LENOVO\\Desktop\\xampp\\htdocs\\e-surat\\public\\index.php')
DEBUG - 2025-10-27 12:20:58 --> Session: Class initialized using 'CodeIgniter\Session\Handlers\FileHandler' driver.
ERROR - 2025-10-27 12:20:58 --> mysqli_sql_exception: Table 'db_e-surat.surat_keterangan' doesn't exist in C:\Users\LENOVO\Desktop\xampp\htdocs\e-surat\system\Database\MySQLi\Connection.php:327
Stack trace:
#0 C:\Users\LENOVO\Desktop\xampp\htdocs\e-surat\system\Database\MySQLi\Connection.php(327): mysqli->query('SELECT *\nFROM `...', 0)
#1 C:\Users\LENOVO\Desktop\xampp\htdocs\e-surat\system\Database\BaseConnection.php(729): CodeIgniter\Database\MySQLi\Connection->execute('SELECT *\nFROM `...')
#2 C:\Users\LENOVO\Desktop\xampp\htdocs\e-surat\system\Database\BaseConnection.php(646): CodeIgniter\Database\BaseConnection->simpleQuery('SELECT *\nFROM `...')
#3 C:\Users\LENOVO\Desktop\xampp\htdocs\e-surat\system\Database\BaseBuilder.php(1649): CodeIgniter\Database\BaseConnection->query('SELECT *\nFROM `...', Array, false)
#4 C:\Users\LENOVO\Desktop\xampp\htdocs\e-surat\system\Model.php(286): CodeIgniter\Database\BaseBuilder->get()
#5 C:\Users\LENOVO\Desktop\xampp\htdocs\e-surat\system\BaseModel.php(677): CodeIgniter\Model->doFindAll(0, 0)
#6 C:\Users\LENOVO\Desktop\xampp\htdocs\e-surat\app\Controllers\Surat.php(23): CodeIgniter\BaseModel->findAll()
#7 C:\Users\LENOVO\Desktop\xampp\htdocs\e-surat\system\CodeIgniter.php(933): App\Controllers\Surat->index()
#8 C:\Users\LENOVO\Desktop\xampp\htdocs\e-surat\system\CodeIgniter.php(507): CodeIgniter\CodeIgniter->runController(Object(App\Controllers\Surat))
#9 C:\Users\LENOVO\Desktop\xampp\htdocs\e-surat\system\CodeIgniter.php(354): CodeIgniter\CodeIgniter->handleRequest(NULL, Object(Config\Cache), false)
#10 C:\Users\LENOVO\Desktop\xampp\htdocs\e-surat\system\Boot.php(363): CodeIgniter\CodeIgniter->run()
#11 C:\Users\LENOVO\Desktop\xampp\htdocs\e-surat\system\Boot.php(68): CodeIgniter\Boot::runCodeIgniter(Object(CodeIgniter\CodeIgniter))
#12 C:\Users\LENOVO\Desktop\xampp\htdocs\e-surat\public\index.php(59): CodeIgniter\Boot::bootWeb(Object(Config\Paths))
#13 C:\Users\LENOVO\Desktop\xampp\htdocs\e-surat\system\rewrite.php(44): require_once('C:\\Users\\LENOVO...')
#14 {main}
CRITICAL - 2025-10-27 12:20:58 --> CodeIgniter\Database\Exceptions\DatabaseException: Table 'db_e-surat.surat_keterangan' doesn't exist
[Method: GET, Route: surat]
in SYSTEMPATH\Database\BaseConnection.php on line 684.
 1 SYSTEMPATH\Database\BaseBuilder.php(1649): CodeIgniter\Database\BaseConnection->query('SELECT *
FROM `surat_keterangan`
WHERE `user_id` IS NULL', [], false)
 2 SYSTEMPATH\Model.php(286): CodeIgniter\Database\BaseBuilder->get()
 3 SYSTEMPATH\BaseModel.php(677): CodeIgniter\Model->doFindAll(0, 0)
 4 APPPATH\Controllers\Surat.php(23): CodeIgniter\BaseModel->findAll()
 5 SYSTEMPATH\CodeIgniter.php(933): App\Controllers\Surat->index()
 6 SYSTEMPATH\CodeIgniter.php(507): CodeIgniter\CodeIgniter->runController(Object(App\Controllers\Surat))
 7 SYSTEMPATH\CodeIgniter.php(354): CodeIgniter\CodeIgniter->handleRequest(null, Object(Config\Cache), false)
 8 SYSTEMPATH\Boot.php(363): CodeIgniter\CodeIgniter->run()
 9 SYSTEMPATH\Boot.php(68): CodeIgniter\Boot::runCodeIgniter(Object(CodeIgniter\CodeIgniter))
10 FCPATH\index.php(59): CodeIgniter\Boot::bootWeb(Object(Config\Paths))
11 SYSTEMPATH\rewrite.php(44): require_once('C:\\Users\\LENOVO\\Desktop\\xampp\\htdocs\\e-surat\\public\\index.php')
CRITICAL - 2025-10-27 12:20:58 --> [Caused by] CodeIgniter\Database\Exceptions\DatabaseException: Table 'db_e-surat.surat_keterangan' doesn't exist
in SYSTEMPATH\Database\MySQLi\Connection.php on line 332.
 1 SYSTEMPATH\Database\BaseConnection.php(729): CodeIgniter\Database\MySQLi\Connection->execute('SELECT *
FROM `surat_keterangan`
WHERE `user_id` IS NULL')
 2 SYSTEMPATH\Database\BaseConnection.php(646): CodeIgniter\Database\BaseConnection->simpleQuery('SELECT *
FROM `surat_keterangan`
WHERE `user_id` IS NULL')
 3 SYSTEMPATH\Database\BaseBuilder.php(1649): CodeIgniter\Database\BaseConnection->query('SELECT *
FROM `surat_keterangan`
WHERE `user_id` IS NULL', [], false)
 4 SYSTEMPATH\Model.php(286): CodeIgniter\Database\BaseBuilder->get()
 5 SYSTEMPATH\BaseModel.php(677): CodeIgniter\Model->doFindAll(0, 0)
 6 APPPATH\Controllers\Surat.php(23): CodeIgniter\BaseModel->findAll()
 7 SYSTEMPATH\CodeIgniter.php(933): App\Controllers\Surat->index()
 8 SYSTEMPATH\CodeIgniter.php(507): CodeIgniter\CodeIgniter->runController(Object(App\Controllers\Surat))
 9 SYSTEMPATH\CodeIgniter.php(354): CodeIgniter\CodeIgniter->handleRequest(null, Object(Config\Cache), false)
10 SYSTEMPATH\Boot.php(363): CodeIgniter\CodeIgniter->run()
11 SYSTEMPATH\Boot.php(68): CodeIgniter\Boot::runCodeIgniter(Object(CodeIgniter\CodeIgniter))
12 FCPATH\index.php(59): CodeIgniter\Boot::bootWeb(Object(Config\Paths))
13 SYSTEMPATH\rewrite.php(44): require_once('C:\\Users\\LENOVO\\Desktop\\xampp\\htdocs\\e-surat\\public\\index.php')
CRITICAL - 2025-10-27 12:20:58 --> [Caused by] mysqli_sql_exception: Table 'db_e-surat.surat_keterangan' doesn't exist
in SYSTEMPATH\Database\MySQLi\Connection.php on line 327.
 1 SYSTEMPATH\Database\MySQLi\Connection.php(327): mysqli->query('SELECT *
FROM `surat_keterangan`
WHERE `user_id` IS NULL', 0)
 2 SYSTEMPATH\Database\BaseConnection.php(729): CodeIgniter\Database\MySQLi\Connection->execute('SELECT *
FROM `surat_keterangan`
WHERE `user_id` IS NULL')
 3 SYSTEMPATH\Database\BaseConnection.php(646): CodeIgniter\Database\BaseConnection->simpleQuery('SELECT *
FROM `surat_keterangan`
WHERE `user_id` IS NULL')
 4 SYSTEMPATH\Database\BaseBuilder.php(1649): CodeIgniter\Database\BaseConnection->query('SELECT *
FROM `surat_keterangan`
WHERE `user_id` IS NULL', [], false)
 5 SYSTEMPATH\Model.php(286): CodeIgniter\Database\BaseBuilder->get()
 6 SYSTEMPATH\BaseModel.php(677): CodeIgniter\Model->doFindAll(0, 0)
 7 APPPATH\Controllers\Surat.php(23): CodeIgniter\BaseModel->findAll()
 8 SYSTEMPATH\CodeIgniter.php(933): App\Controllers\Surat->index()
 9 SYSTEMPATH\CodeIgniter.php(507): CodeIgniter\CodeIgniter->runController(Object(App\Controllers\Surat))
10 SYSTEMPATH\CodeIgniter.php(354): CodeIgniter\CodeIgniter->handleRequest(null, Object(Config\Cache), false)
11 SYSTEMPATH\Boot.php(363): CodeIgniter\CodeIgniter->run()
12 SYSTEMPATH\Boot.php(68): CodeIgniter\Boot::runCodeIgniter(Object(CodeIgniter\CodeIgniter))
13 FCPATH\index.php(59): CodeIgniter\Boot::bootWeb(Object(Config\Paths))
14 SYSTEMPATH\rewrite.php(44): require_once('C:\\Users\\LENOVO\\Desktop\\xampp\\htdocs\\e-surat\\public\\index.php')
DEBUG - 2025-10-27 12:33:50 --> Session: Class initialized using 'CodeIgniter\Session\Handlers\FileHandler' driver.
DEBUG - 2025-10-27 12:33:59 --> Session: Class initialized using 'CodeIgniter\Session\Handlers\FileHandler' driver.
DEBUG - 2025-10-27 12:35:41 --> Session: Class initialized using 'CodeIgniter\Session\Handlers\FileHandler' driver.
DEBUG - 2025-10-27 12:35:48 --> Session: Class initialized using 'CodeIgniter\Session\Handlers\FileHandler' driver.
DEBUG - 2025-10-27 12:40:05 --> Session: Class initialized using 'CodeIgniter\Session\Handlers\FileHandler' driver.
DEBUG - 2025-10-27 12:40:11 --> Session: Class initialized using 'CodeIgniter\Session\Handlers\FileHandler' driver.
DEBUG - 2025-10-27 12:40:23 --> Session: Class initialized using 'CodeIgniter\Session\Handlers\FileHandler' driver.
DEBUG - 2025-10-27 12:40:38 --> Session: Class initialized using 'CodeIgniter\Session\Handlers\FileHandler' driver.
DEBUG - 2025-10-27 12:52:52 --> Session: Class initialized using 'CodeIgniter\Session\Handlers\FileHandler' driver.
DEBUG - 2025-10-27 12:52:54 --> Session: Class initialized using 'CodeIgniter\Session\Handlers\FileHandler' driver.
DEBUG - 2025-10-27 12:53:24 --> Session: Class initialized using 'CodeIgniter\Session\Handlers\FileHandler' driver.
DEBUG - 2025-10-27 12:53:24 --> Session: Class initialized using 'CodeIgniter\Session\Handlers\FileHandler' driver.
DEBUG - 2025-10-27 12:53:53 --> Session: Class initialized using 'CodeIgniter\Session\Handlers\FileHandler' driver.
DEBUG - 2025-10-27 12:53:53 --> Session: Class initialized using 'CodeIgniter\Session\Handlers\FileHandler' driver.
